<?xml version="1.0" encoding="UTF-8"?>
<testng-results skipped="2" failed="0" total="2" passed="0">
  <reporter-output>
    <line>
      <![CDATA[in properties qa loop]]>
    </line>
    <line>
      <![CDATA[in browser loop]]>
    </line>
    <line>
      <![CDATA[in browser loop]]>
    </line>
    <line>
      <![CDATA[in browser loop]]>
    </line>
    <line>
      <![CDATA[in browser loop]]>
    </line>
    <line>
      <![CDATA[in browser loop]]>
    </line>
    <line>
      <![CDATA[in browser loop]]>
    </line>
    <line>
      <![CDATA[URL ishttp://qm-homework.wikia.com]]>
    </line>
  </reporter-output>
  <suite name="Default suite" duration-ms="38" started-at="2015-07-08T05:49:19Z" finished-at="2015-07-08T05:49:19Z">
    <groups>
      <group name="1">
        <method signature="SanityTest.alogin_Positive()[pri:0, instance:com.selenium.WikiaAutomationtTest.SanityTest@12331b]" name="alogin_Positive" class="com.selenium.WikiaAutomationtTest.SanityTest"/>
      </group> <!-- 1 -->
      <group name="2">
        <method signature="SanityTest.login_Negative()[pri:0, instance:com.selenium.WikiaAutomationtTest.SanityTest@12331b]" name="login_Negative" class="com.selenium.WikiaAutomationtTest.SanityTest"/>
      </group> <!-- 2 -->
      <group name="sanity">
        <method signature="SanityTest.alogin_Positive()[pri:0, instance:com.selenium.WikiaAutomationtTest.SanityTest@12331b]" name="alogin_Positive" class="com.selenium.WikiaAutomationtTest.SanityTest"/>
        <method signature="SanityTest.login_Negative()[pri:0, instance:com.selenium.WikiaAutomationtTest.SanityTest@12331b]" name="login_Negative" class="com.selenium.WikiaAutomationtTest.SanityTest"/>
      </group> <!-- sanity -->
    </groups>
    <test name="Default test" duration-ms="38" started-at="2015-07-08T05:49:19Z" finished-at="2015-07-08T05:49:19Z">
      <class name="com.selenium.WikiaAutomationtTest.SanityTest">
        <test-method status="FAIL" signature="invokeURL()[pri:0, instance:com.selenium.WikiaAutomationtTest.SanityTest@12331b]" name="invokeURL" is-config="true" duration-ms="0" started-at="2015-07-08T00:49:04Z" finished-at="2015-07-08T00:49:04Z">
          <exception class="org.openqa.selenium.WebDriverException">
            <message>
              <![CDATA[unknown error: cannot get automation extension
from unknown error: page could not be found: chrome-extension://aapnijgdinlhnhlmodcfapnahmbfebeb/_generated_background_page.html
  (Session info: chrome=43.0.2357.81)
  (Driver info: chromedriver=2.16.333243 (0bfa1d3575fc1044244f21ddb82bf870944ef961),platform=Windows NT 6.1 SP1 x86) (WARNING: The server did not provide any stacktrace information)
Command duration or timeout: 10.02 seconds
Build info: version: '2.45.0', revision: '5017cb8e7ca8e37638dc3091b2440b90a1d8686f', time: '2015-02-27 09:10:26'
System info: host: 'MININT-JMKKDKC', ip: '192.168.182.1', os.name: 'Windows 7', os.arch: 'x86', os.version: '6.1', java.version: '1.8.0_40'
Driver info: org.openqa.selenium.chrome.ChromeDriver
Capabilities [{applicationCacheEnabled=false, rotatable=false, mobileEmulationEnabled=false, chrome={userDataDir=C:\Users\Babitha\AppData\Local\Temp\scoped_dir6552_22135}, takesHeapSnapshot=true, databaseEnabled=false, handlesAlerts=true, hasTouchScreen=false, version=43.0.2357.81, platform=XP, browserConnectionEnabled=false, nativeEvents=true, acceptSslCerts=true, locationContextEnabled=true, webStorageEnabled=true, browserName=chrome, takesScreenshot=true, javascriptEnabled=true, cssSelectorsEnabled=true}]
Session ID: dcb42d2c007b2fd73ffa4c79d40e3851]]>
            </message>
            <full-stacktrace>
              <![CDATA[org.openqa.selenium.WebDriverException: unknown error: cannot get automation extension
from unknown error: page could not be found: chrome-extension://aapnijgdinlhnhlmodcfapnahmbfebeb/_generated_background_page.html
  (Session info: chrome=43.0.2357.81)
  (Driver info: chromedriver=2.16.333243 (0bfa1d3575fc1044244f21ddb82bf870944ef961),platform=Windows NT 6.1 SP1 x86) (WARNING: The server did not provide any stacktrace information)
Command duration or timeout: 10.02 seconds
Build info: version: '2.45.0', revision: '5017cb8e7ca8e37638dc3091b2440b90a1d8686f', time: '2015-02-27 09:10:26'
System info: host: 'MININT-JMKKDKC', ip: '192.168.182.1', os.name: 'Windows 7', os.arch: 'x86', os.version: '6.1', java.version: '1.8.0_40'
Driver info: org.openqa.selenium.chrome.ChromeDriver
Capabilities [{applicationCacheEnabled=false, rotatable=false, mobileEmulationEnabled=false, chrome={userDataDir=C:\Users\Babitha\AppData\Local\Temp\scoped_dir6552_22135}, takesHeapSnapshot=true, databaseEnabled=false, handlesAlerts=true, hasTouchScreen=false, version=43.0.2357.81, platform=XP, browserConnectionEnabled=false, nativeEvents=true, acceptSslCerts=true, locationContextEnabled=true, webStorageEnabled=true, browserName=chrome, takesScreenshot=true, javascriptEnabled=true, cssSelectorsEnabled=true}]
Session ID: dcb42d2c007b2fd73ffa4c79d40e3851
	at sun.reflect.NativeConstructorAccessorImpl.newInstance0(Native Method)
	at sun.reflect.NativeConstructorAccessorImpl.newInstance(Unknown Source)
	at sun.reflect.DelegatingConstructorAccessorImpl.newInstance(Unknown Source)
	at java.lang.reflect.Constructor.newInstance(Unknown Source)
	at org.openqa.selenium.remote.ErrorHandler.createThrowable(ErrorHandler.java:204)
	at org.openqa.selenium.remote.ErrorHandler.throwIfResponseFailed(ErrorHandler.java:156)
	at org.openqa.selenium.remote.RemoteWebDriver.execute(RemoteWebDriver.java:599)
	at org.openqa.selenium.remote.RemoteWebDriver$RemoteWebDriverOptions$RemoteWindow.maximize(RemoteWebDriver.java:837)
	at com.selenium.WikiaAutomationtTest.TestngAnnotationsTest.invokeURL(TestngAnnotationsTest.java:25)
	at sun.reflect.NativeMethodAccessorImpl.invoke0(Native Method)
	at sun.reflect.NativeMethodAccessorImpl.invoke(Unknown Source)
	at sun.reflect.DelegatingMethodAccessorImpl.invoke(Unknown Source)
	at java.lang.reflect.Method.invoke(Unknown Source)
	at org.testng.internal.MethodInvocationHelper.invokeMethod(MethodInvocationHelper.java:84)
	at org.testng.internal.Invoker.invokeConfigurationMethod(Invoker.java:564)
	at org.testng.internal.Invoker.invokeConfigurations(Invoker.java:213)
	at org.testng.internal.Invoker.invokeConfigurations(Invoker.java:138)
	at org.testng.SuiteRunner.privateRun(SuiteRunner.java:277)
	at org.testng.SuiteRunner.run(SuiteRunner.java:240)
	at org.testng.SuiteRunnerWorker.runSuite(SuiteRunnerWorker.java:52)
	at org.testng.SuiteRunnerWorker.run(SuiteRunnerWorker.java:86)
	at org.testng.TestNG.runSuitesSequentially(TestNG.java:1224)
	at org.testng.TestNG.runSuitesLocally(TestNG.java:1149)
	at org.testng.TestNG.run(TestNG.java:1057)
	at org.testng.remote.RemoteTestNG.run(RemoteTestNG.java:111)
	at org.testng.remote.RemoteTestNG.initAndRun(RemoteTestNG.java:204)
	at org.testng.remote.RemoteTestNG.main(RemoteTestNG.java:175)
]]>
            </full-stacktrace>
          </exception> <!-- org.openqa.selenium.WebDriverException -->
          <reporter-output>
            <line>
              <![CDATA[URL ishttp://qm-homework.wikia.com]]>
            </line>
          </reporter-output>
        </test-method> <!-- invokeURL -->
        <test-method status="SKIP" signature="alogin_Positive()[pri:0, instance:com.selenium.WikiaAutomationtTest.SanityTest@12331b]" name="alogin_Positive" duration-ms="2" started-at="2015-07-08T00:49:19Z" description="login_Positive" finished-at="2015-07-08T00:49:19Z">
          <reporter-output>
          </reporter-output>
        </test-method> <!-- alogin_Positive -->
        <test-method status="SKIP" signature="login_Negative()[pri:0, instance:com.selenium.WikiaAutomationtTest.SanityTest@12331b]" name="login_Negative" duration-ms="0" depends-on-groups="1" started-at="2015-07-08T00:49:19Z" description="add Video" finished-at="2015-07-08T00:49:19Z">
          <reporter-output>
          </reporter-output>
        </test-method> <!-- login_Negative -->
        <test-method status="PASS" signature="CloseBrowser()[pri:0, instance:com.selenium.WikiaAutomationtTest.SanityTest@12331b]" name="CloseBrowser" is-config="true" duration-ms="1643" started-at="2015-07-08T00:49:19Z" finished-at="2015-07-08T00:49:20Z">
          <reporter-output>
          </reporter-output>
        </test-method> <!-- CloseBrowser -->
      </class> <!-- com.selenium.WikiaAutomationtTest.SanityTest -->
    </test> <!-- Default test -->
  </suite> <!-- Default suite -->
</testng-results>
